<html>
<head>
<title>TestNG:  Test</title>
<link href="../testng.css" rel="stylesheet" type="text/css" />
<link href="../my-testng.css" rel="stylesheet" type="text/css" />

<style type="text/css">
.log { display: none;} 
.stack-trace { display: none;} 
</style>
<script type="text/javascript">
<!--
function flip(e) {
  current = e.style.display;
  if (current == 'block') {
    e.style.display = 'none';
    return 0;
  }
  else {
    e.style.display = 'block';
    return 1;
  }
}

function toggleBox(szDivId, elem, msg1, msg2)
{
  var res = -1;  if (document.getElementById) {
    res = flip(document.getElementById(szDivId));
  }
  else if (document.all) {
    // this is the way old msie versions work
    res = flip(document.all[szDivId]);
  }
  if(elem) {
    if(res == 0) elem.innerHTML = msg1; else elem.innerHTML = msg2;
  }

}

function toggleAllBoxes() {
  if (document.getElementsByTagName) {
    d = document.getElementsByTagName('div');
    for (i = 0; i < d.length; i++) {
      if (d[i].className == 'log') {
        flip(d[i]);
      }
    }
  }
}

// -->
</script>

</head>
<body>
<h2 align='center'>Test</h2><table border='1' align="center">
<tr>
<td>Tests passed/Failed/Skipped:</td><td>21/1/0</td>
</tr><tr>
<td>Started on:</td><td>Thu Feb 29 12:24:39 IST 2024</td>
</tr>
<tr><td>Total time:</td><td>60 seconds (60621 ms)</td>
</tr><tr>
<td>Included groups:</td><td></td>
</tr><tr>
<td>Excluded groups:</td><td></td>
</tr>
</table><p/>
<small><i>(Hover the method name to see the test class name)</i></small><p/>
<table width='100%' border='1' class='invocation-failed'>
<tr><td colspan='4' align='center'><b>FAILED TESTS</b></td></tr>
<tr><td><b>Test method</b></td>
<td width="30%"><b>Exception</b></td>
<td width="10%"><b>Time (seconds)</b></td>
<td><b>Instance</b></td>
</tr>
<tr>
<td title='testng1.HardAssert.SoftAssert()'><b>SoftAssert</b><br>Test class: testng1.HardAssert</td>
<td><div><pre>org.openqa.selenium.NoSuchWindowException: no such window: target window already closed
from unknown error: web view not found
  (Session info: chrome=122.0.6261.58)
Build info: version: &apos;4.15.0&apos;, revision: &apos;1d14b5521b&apos;
System info: os.name: &apos;Windows 10&apos;, os.arch: &apos;amd64&apos;, os.version: &apos;10.0&apos;, java.version: &apos;17.0.10&apos;
Driver info: org.openqa.selenium.chrome.ChromeDriver
Command: [df20ace7211ceaf947baf80e0cdd3e06, maximizeCurrentWindow {}]
Capabilities {acceptInsecureCerts: false, browserName: chrome, browserVersion: 122.0.6261.58, chrome: {chromedriverVersion: 122.0.6261.57 (87957e464700..., userDataDir: C:\Users\Admin\AppData\Loca...}, fedcm:accounts: true, goog:chromeOptions: {debuggerAddress: localhost:52645}, networkConnectionEnabled: false, pageLoadStrategy: normal, platformName: windows, proxy: Proxy(), se:cdp: ws://localhost:52645/devtoo..., se:cdpVersion: 122.0.6261.58, setWindowRect: true, strictFileInteractability: false, timeouts: {implicit: 0, pageLoad: 300000, script: 30000}, unhandledPromptBehavior: dismiss and notify, webauthn:extension:credBlob: true, webauthn:extension:largeBlob: true, webauthn:extension:minPinLength: true, webauthn:extension:prf: true, webauthn:virtualAuthenticators: true}
Session ID: df20ace7211ceaf947baf80e0cdd3e06
	at org.openqa.selenium.remote.codec.w3c.W3CHttpResponseCodec.createException(W3CHttpResponseCodec.java:200)
	at org.openqa.selenium.remote.codec.w3c.W3CHttpResponseCodec.decode(W3CHttpResponseCodec.java:133)
	at org.openqa.selenium.remote.codec.w3c.W3CHttpResponseCodec.decode(W3CHttpResponseCodec.java:52)
	at org.openqa.selenium.remote.HttpCommandExecutor.execute(HttpCommandExecutor.java:191)
	at org.openqa.selenium.remote.service.DriverCommandExecutor.invokeExecute(DriverCommandExecutor.java:200)
	at org.openqa.selenium.remote.service.DriverCommandExecutor.execute(DriverCommandExecutor.java:175)
	at org.openqa.selenium.remote.RemoteWebDriver.execute(RemoteWebDriver.java:607)
	at org.openqa.selenium.remote.RemoteWebDriver.execute(RemoteWebDriver.java:680)
	at org.openqa.selenium.remote.RemoteWebDriver.execute(RemoteWebDriver.java:684)
	at org.openqa.selenium.remote.RemoteWebDriver$RemoteWebDriverOptions$RemoteWindow.maximize(RemoteWebDriver.java:1123)
	at testng1.HardAssert.SoftAssert(HardAssert.java:29)
... Removed 30 stack frames</pre></div><a href='#' onClick='toggleBox("stack-trace81269359", this, "Click to show all stack frames", "Click to hide stack frames")'>Click to show all stack frames</a>
<div class='stack-trace' id='stack-trace81269359'><pre>org.openqa.selenium.NoSuchWindowException: no such window: target window already closed
from unknown error: web view not found
  (Session info: chrome=122.0.6261.58)
Build info: version: &apos;4.15.0&apos;, revision: &apos;1d14b5521b&apos;
System info: os.name: &apos;Windows 10&apos;, os.arch: &apos;amd64&apos;, os.version: &apos;10.0&apos;, java.version: &apos;17.0.10&apos;
Driver info: org.openqa.selenium.chrome.ChromeDriver
Command: [df20ace7211ceaf947baf80e0cdd3e06, maximizeCurrentWindow {}]
Capabilities {acceptInsecureCerts: false, browserName: chrome, browserVersion: 122.0.6261.58, chrome: {chromedriverVersion: 122.0.6261.57 (87957e464700..., userDataDir: C:\Users\Admin\AppData\Loca...}, fedcm:accounts: true, goog:chromeOptions: {debuggerAddress: localhost:52645}, networkConnectionEnabled: false, pageLoadStrategy: normal, platformName: windows, proxy: Proxy(), se:cdp: ws://localhost:52645/devtoo..., se:cdpVersion: 122.0.6261.58, setWindowRect: true, strictFileInteractability: false, timeouts: {implicit: 0, pageLoad: 300000, script: 30000}, unhandledPromptBehavior: dismiss and notify, webauthn:extension:credBlob: true, webauthn:extension:largeBlob: true, webauthn:extension:minPinLength: true, webauthn:extension:prf: true, webauthn:virtualAuthenticators: true}
Session ID: df20ace7211ceaf947baf80e0cdd3e06
	at java.base/jdk.internal.reflect.NativeConstructorAccessorImpl.newInstance0(Native Method)
	at java.base/jdk.internal.reflect.NativeConstructorAccessorImpl.newInstance(NativeConstructorAccessorImpl.java:77)
	at java.base/jdk.internal.reflect.DelegatingConstructorAccessorImpl.newInstance(DelegatingConstructorAccessorImpl.java:45)
	at java.base/java.lang.reflect.Constructor.newInstanceWithCaller(Constructor.java:499)
	at java.base/java.lang.reflect.Constructor.newInstance(Constructor.java:480)
	at org.openqa.selenium.remote.codec.w3c.W3CHttpResponseCodec.createException(W3CHttpResponseCodec.java:200)
	at org.openqa.selenium.remote.codec.w3c.W3CHttpResponseCodec.decode(W3CHttpResponseCodec.java:133)
	at org.openqa.selenium.remote.codec.w3c.W3CHttpResponseCodec.decode(W3CHttpResponseCodec.java:52)
	at org.openqa.selenium.remote.HttpCommandExecutor.execute(HttpCommandExecutor.java:191)
	at org.openqa.selenium.remote.service.DriverCommandExecutor.invokeExecute(DriverCommandExecutor.java:200)
	at org.openqa.selenium.remote.service.DriverCommandExecutor.execute(DriverCommandExecutor.java:175)
	at org.openqa.selenium.remote.RemoteWebDriver.execute(RemoteWebDriver.java:607)
	at org.openqa.selenium.remote.RemoteWebDriver.execute(RemoteWebDriver.java:680)
	at org.openqa.selenium.remote.RemoteWebDriver.execute(RemoteWebDriver.java:684)
	at org.openqa.selenium.remote.RemoteWebDriver$RemoteWebDriverOptions$RemoteWindow.maximize(RemoteWebDriver.java:1123)
	at testng1.HardAssert.SoftAssert(HardAssert.java:29)
	at java.base/jdk.internal.reflect.NativeMethodAccessorImpl.invoke0(Native Method)
	at java.base/jdk.internal.reflect.NativeMethodAccessorImpl.invoke(NativeMethodAccessorImpl.java:77)
	at java.base/jdk.internal.reflect.DelegatingMethodAccessorImpl.invoke(DelegatingMethodAccessorImpl.java:43)
	at java.base/java.lang.reflect.Method.invoke(Method.java:568)
	at org.testng.internal.MethodInvocationHelper.invokeMethod(MethodInvocationHelper.java:108)
	at org.testng.internal.Invoker.invokeMethod(Invoker.java:661)
	at org.testng.internal.Invoker.invokeTestMethod(Invoker.java:869)
	at org.testng.internal.Invoker.invokeTestMethods(Invoker.java:1193)
	at org.testng.internal.TestMethodWorker.invokeTestMethods(TestMethodWorker.java:126)
	at org.testng.internal.TestMethodWorker.run(TestMethodWorker.java:109)
	at org.testng.TestRunner.privateRun(TestRunner.java:744)
	at org.testng.TestRunner.run(TestRunner.java:602)
	at org.testng.SuiteRunner.runTest(SuiteRunner.java:380)
	at org.testng.SuiteRunner.runSequentially(SuiteRunner.java:375)
	at org.testng.SuiteRunner.privateRun(SuiteRunner.java:340)
	at org.testng.SuiteRunner.run(SuiteRunner.java:289)
	at org.testng.SuiteRunnerWorker.runSuite(SuiteRunnerWorker.java:52)
	at org.testng.SuiteRunnerWorker.run(SuiteRunnerWorker.java:86)
	at org.testng.TestNG.runSuitesSequentially(TestNG.java:1301)
	at org.testng.TestNG.runSuitesLocally(TestNG.java:1226)
	at org.testng.TestNG.runSuites(TestNG.java:1144)
	at org.testng.TestNG.run(TestNG.java:1115)
	at org.testng.remote.AbstractRemoteTestNG.run(AbstractRemoteTestNG.java:115)
	at org.testng.remote.RemoteTestNG.initAndRun(RemoteTestNG.java:251)
	at org.testng.remote.RemoteTestNG.main(RemoteTestNG.java:77)
</pre></div></td>
<td>6</td>
<td>testng1.HardAssert@5f683daf</td></tr>
</table><p>
<table width='100%' border='1' class='invocation-passed'>
<tr><td colspan='4' align='center'><b>PASSED TESTS</b></td></tr>
<tr><td><b>Test method</b></td>
<td width="30%"><b>Exception</b></td>
<td width="10%"><b>Time (seconds)</b></td>
<td><b>Instance</b></td>
</tr>
<tr>
<td title='testng1.Grouping.AddToCart()'><b>AddToCart</b><br>Test class: testng1.Grouping</td>
<td></td>
<td>0</td>
<td>testng1.Grouping@c03cf28</td></tr>
<tr>
<td title='testng1.Grouping.Payment()'><b>Payment</b><br>Test class: testng1.Grouping</td>
<td></td>
<td>0</td>
<td>testng1.Grouping@c03cf28</td></tr>
<tr>
<td title='testng1.Grouping.Products()'><b>Products</b><br>Test class: testng1.Grouping</td>
<td></td>
<td>0</td>
<td>testng1.Grouping@c03cf28</td></tr>
<tr>
<td title='testng1.InvokeEdge.inovkefirefox()'><b>inovkefirefox</b><br>Test class: testng1.InvokeEdge</td>
<td></td>
<td>14</td>
<td>testng1.InvokeEdge@4a668b6e</td></tr>
<tr>
<td title='testng1.ParallelTesting.invokeEdge()'><b>invokeEdge</b><br>Test class: testng1.ParallelTesting</td>
<td></td>
<td>8</td>
<td>testng1.ParallelTesting@55f616cf</td></tr>
<tr>
<td title='testng1.ParallelTesting.invokechrome()'><b>invokechrome</b><br>Test class: testng1.ParallelTesting</td>
<td></td>
<td>4</td>
<td>testng1.ParallelTesting@55f616cf</td></tr>
<tr>
<td title='testng1.InvokeChrome.invokechrome()'><b>invokechrome</b><br>Test class: testng1.InvokeChrome</td>
<td></td>
<td>13</td>
<td>testng1.InvokeChrome@4f67eb2a</td></tr>
<tr>
<td title='testng1.Grouping.login()'><b>login</b><br>Test class: testng1.Grouping</td>
<td></td>
<td>0</td>
<td>testng1.Grouping@c03cf28</td></tr>
<tr>
<td title='testng1.PriorityTesting.testCase1()'><b>testCase1</b><br>Test class: testng1.PriorityTesting</td>
<td></td>
<td>0</td>
<td>testng1.PriorityTesting@1329eff</td></tr>
<tr>
<td title='testng1.DependsOnMethodEg.testCase1()'><b>testCase1</b><br>Test class: testng1.DependsOnMethodEg</td>
<td></td>
<td>0</td>
<td>testng1.DependsOnMethodEg@6497b078</td></tr>
<tr>
<td title='testng1.EnableFalse.testCase2()'><b>testCase2</b><br>Test class: testng1.EnableFalse</td>
<td></td>
<td>0</td>
<td>testng1.EnableFalse@3c947bc5</td></tr>
<tr>
<td title='testng1.DependsOnMethodEg.testCase2()'><b>testCase2</b><br>Test class: testng1.DependsOnMethodEg</td>
<td></td>
<td>0</td>
<td>testng1.DependsOnMethodEg@6497b078</td></tr>
<tr>
<td title='testng1.PriorityTesting.testCase2()'><b>testCase2</b><br>Test class: testng1.PriorityTesting</td>
<td></td>
<td>0</td>
<td>testng1.PriorityTesting@1329eff</td></tr>
<tr>
<td title='testng1.EnableFalse.testCase3()'><b>testCase3</b><br>Test class: testng1.EnableFalse</td>
<td></td>
<td>0</td>
<td>testng1.EnableFalse@3c947bc5</td></tr>
<tr>
<td title='testng1.DependsOnMethodEg.testCase3()'><b>testCase3</b><br>Test class: testng1.DependsOnMethodEg</td>
<td></td>
<td>0</td>
<td>testng1.DependsOnMethodEg@6497b078</td></tr>
<tr>
<td title='testng1.PriorityTesting.testCase3()'><b>testCase3</b><br>Test class: testng1.PriorityTesting</td>
<td></td>
<td>0</td>
<td>testng1.PriorityTesting@1329eff</td></tr>
<tr>
<td title='testng1.SoftAssert.testSoftAssert()'><b>testSoftAssert</b><br>Test class: testng1.SoftAssert</td>
<td></td>
<td>12</td>
<td>testng1.SoftAssert@1356d4d4</td></tr>
<tr>
<td title='testng1.AnnotationsEg.testcase1()'><b>testcase1</b><br>Test class: testng1.AnnotationsEg</td>
<td></td>
<td>0</td>
<td>testng1.AnnotationsEg@609db43b</td></tr>
<tr>
<td title='testng1.AnnotationsEg.testcase2()'><b>testcase2</b><br>Test class: testng1.AnnotationsEg</td>
<td></td>
<td>0</td>
<td>testng1.AnnotationsEg@609db43b</td></tr>
<tr>
<td title='testng1.AnnotationsEg.testcase3()'><b>testcase3</b><br>Test class: testng1.AnnotationsEg</td>
<td></td>
<td>0</td>
<td>testng1.AnnotationsEg@609db43b</td></tr>
<tr>
<td title='testng1.AnnotationsEg.testcase4()'><b>testcase4</b><br>Test class: testng1.AnnotationsEg</td>
<td></td>
<td>0</td>
<td>testng1.AnnotationsEg@609db43b</td></tr>
</table><p>
</body>
</html>