<?xml version="1.0" encoding="UTF-8"?>
<!-- Generated by org.testng.reporters.JUnitXMLReporter -->
<testsuite ignored="1" hostname="DESKTOP-U92U93D" failures="1" tests="22" name="Test" time="60.621" errors="0" timestamp="29 Feb 2024 06:55:40 GMT">
  <testcase classname="testng1.EnableFalse" name="testCase2" time="0.013"/>
  <testcase classname="testng1.EnableFalse" name="testCase3" time="0.001"/>
  <testcase classname="testng1.AnnotationsEg" name="testcase1" time="0.002"/>
  <testcase classname="testng1.AnnotationsEg" name="testcase2" time="0.001"/>
  <testcase classname="testng1.AnnotationsEg" name="testcase3" time="0.001"/>
  <testcase classname="testng1.AnnotationsEg" name="testcase4" time="0.002"/>
  <testcase classname="testng1.ParallelTesting" name="invokeEdge" time="8.358"/>
  <testcase classname="testng1.ParallelTesting" name="invokechrome" time="4.79"/>
  <testcase classname="testng1.SoftAssert" name="testSoftAssert" time="12.584"/>
  <testcase classname="testng1.Grouping" name="AddToCart" time="0.003"/>
  <testcase classname="testng1.Grouping" name="Payment" time="0.001"/>
  <testcase classname="testng1.Grouping" name="Products" time="0.007"/>
  <testcase classname="testng1.Grouping" name="login" time="0.002"/>
  <testcase classname="testng1.PriorityTesting" name="testCase1" time="0.006"/>
  <testcase classname="testng1.DependsOnMethodEg" name="testCase1" time="0.002"/>
  <testcase classname="testng1.DependsOnMethodEg" name="testCase3" time="0.002"/>
  <testcase classname="testng1.InvokeChrome" name="invokechrome" time="13.725"/>
  <testcase classname="testng1.InvokeEdge" name="inovkefirefox" time="14.897"/>
  <testcase classname="testng1.HardAssert" name="SoftAssert" time="6.124">
    <failure type="org.openqa.selenium.NoSuchWindowException" message="no such window: target window already closed
from unknown error: web view not found
  (Session info: chrome=122.0.6261.58)
Build info: version: &amp;apos;4.15.0&amp;apos;, revision: &amp;apos;1d14b5521b&amp;apos;
System info: os.name: &amp;apos;Windows 10&amp;apos;, os.arch: &amp;apos;amd64&amp;apos;, os.version: &amp;apos;10.0&amp;apos;, java.version: &amp;apos;17.0.10&amp;apos;
Driver info: org.openqa.selenium.chrome.ChromeDriver
Command: [df20ace7211ceaf947baf80e0cdd3e06, maximizeCurrentWindow {}]
Capabilities {acceptInsecureCerts: false, browserName: chrome, browserVersion: 122.0.6261.58, chrome: {chromedriverVersion: 122.0.6261.57 (87957e464700..., userDataDir: C:\Users\Admin\AppData\Loca...}, fedcm:accounts: true, goog:chromeOptions: {debuggerAddress: localhost:52645}, networkConnectionEnabled: false, pageLoadStrategy: normal, platformName: windows, proxy: Proxy(), se:cdp: ws://localhost:52645/devtoo..., se:cdpVersion: 122.0.6261.58, setWindowRect: true, strictFileInteractability: false, timeouts: {implicit: 0, pageLoad: 300000, script: 30000}, unhandledPromptBehavior: dismiss and notify, webauthn:extension:credBlob: true, webauthn:extension:largeBlob: true, webauthn:extension:minPinLength: true, webauthn:extension:prf: true, webauthn:virtualAuthenticators: true}
Session ID: df20ace7211ceaf947baf80e0cdd3e06">
      <![CDATA[org.openqa.selenium.NoSuchWindowException: no such window: target window already closed
from unknown error: web view not found
  (Session info: chrome=122.0.6261.58)
Build info: version: '4.15.0', revision: '1d14b5521b'
System info: os.name: 'Windows 10', os.arch: 'amd64', os.version: '10.0', java.version: '17.0.10'
Driver info: org.openqa.selenium.chrome.ChromeDriver
Command: [df20ace7211ceaf947baf80e0cdd3e06, maximizeCurrentWindow {}]
Capabilities {acceptInsecureCerts: false, browserName: chrome, browserVersion: 122.0.6261.58, chrome: {chromedriverVersion: 122.0.6261.57 (87957e464700..., userDataDir: C:\Users\Admin\AppData\Loca...}, fedcm:accounts: true, goog:chromeOptions: {debuggerAddress: localhost:52645}, networkConnectionEnabled: false, pageLoadStrategy: normal, platformName: windows, proxy: Proxy(), se:cdp: ws://localhost:52645/devtoo..., se:cdpVersion: 122.0.6261.58, setWindowRect: true, strictFileInteractability: false, timeouts: {implicit: 0, pageLoad: 300000, script: 30000}, unhandledPromptBehavior: dismiss and notify, webauthn:extension:credBlob: true, webauthn:extension:largeBlob: true, webauthn:extension:minPinLength: true, webauthn:extension:prf: true, webauthn:virtualAuthenticators: true}
Session ID: df20ace7211ceaf947baf80e0cdd3e06
	at org.openqa.selenium.remote.codec.w3c.W3CHttpResponseCodec.createException(W3CHttpResponseCodec.java:200)
	at org.openqa.selenium.remote.codec.w3c.W3CHttpResponseCodec.decode(W3CHttpResponseCodec.java:133)
	at org.openqa.selenium.remote.codec.w3c.W3CHttpResponseCodec.decode(W3CHttpResponseCodec.java:52)
	at org.openqa.selenium.remote.HttpCommandExecutor.execute(HttpCommandExecutor.java:191)
	at org.openqa.selenium.remote.service.DriverCommandExecutor.invokeExecute(DriverCommandExecutor.java:200)
	at org.openqa.selenium.remote.service.DriverCommandExecutor.execute(DriverCommandExecutor.java:175)
	at org.openqa.selenium.remote.RemoteWebDriver.execute(RemoteWebDriver.java:607)
	at org.openqa.selenium.remote.RemoteWebDriver.execute(RemoteWebDriver.java:680)
	at org.openqa.selenium.remote.RemoteWebDriver.execute(RemoteWebDriver.java:684)
	at org.openqa.selenium.remote.RemoteWebDriver$RemoteWebDriverOptions$RemoteWindow.maximize(RemoteWebDriver.java:1123)
	at testng1.HardAssert.SoftAssert(HardAssert.java:29)
... Removed 30 stack frames]]>
    </failure>
  </testcase> <!-- SoftAssert -->
  <testcase classname="testng1.DependsOnMethodEg" name="testCase2" time="0.001"/>
  <testcase classname="testng1.PriorityTesting" name="testCase2" time="0.001"/>
  <testcase classname="testng1.PriorityTesting" name="testCase3" time="0.001"/>
  <testcase classname="testng1.EnableFalse" name="testCase1" time="0.0">
    <ignored/>
  </testcase> <!-- testCase1 -->
</testsuite> <!-- Test -->
